--- EXECUTING JUPYTER CELL SEQUENCE FOR VERIFICATION ---
  [VERIFY] Cell 2 executed successfully.
  [VERIFY] CFG Cell modified for rapid execution.
  [VERIFY] Boost rounds capped at 10.
  [VERIFY] Cell 4 executed successfully.
  [VERIFY] Cell 6 executed successfully.
  [VERIFY] Cell 8 executed successfully.
  [VERIFY] Cell 10 executed successfully.
  [VERIFY] Cell 12 executed successfully.
  [VERIFY] prepare_train well count capped at 3.
  [VERIFY] Cell 14 executed successfully.
  [VERIFY] Boost rounds capped at 10.
  [VERIFY] Cell 16 executed successfully.
  [VERIFY] Cell 18 executed successfully.
============================================================
ROGII Wellbore Geology Prediction: SOTA Geosteering Kriging Pipeline
============================================================

[STATUS] Step 1/4: Precomputing spatial neighbor centroids and 3D surface points...
[KRIGING] Extracting 3D geological boundary points from training wells...
  [DEBUG] precompute: processed 1/773 wells (extracted 5 points so far)...
  [DEBUG] precompute: processed 150/773 wells (extracted 750 points so far)...
  [DEBUG] precompute: processed 300/773 wells (extracted 1500 points so far)...
  [DEBUG] precompute: processed 450/773 wells (extracted 2250 points so far)...
  [DEBUG] precompute: processed 600/773 wells (extracted 3000 points so far)...
  [DEBUG] precompute: processed 750/773 wells (extracted 3750 points so far)...
  [DEBUG] precompute: processed 773/773 wells (extracted 3865 points so far)...
  [DEBUG] precompute complete! Point cloud shape: (3865, 4), Centroids shape: (773, 3)
[STATUS] Step 1 Complete! Found 773 reference wells.
  [VERIFY] Cell 20 executed successfully.

[STATUS] Step 2/4: Extracting geological sequence features & localized Matern Kriging planes...
[DATA] Loading and precomputing 3 training wells...
  [DEBUG] prepare_train: Processing training well 1/3: 000d7d20...
  [DEBUG] prepare_train: Processing training well 3/3: 00e12e8b...
  [DEBUG] prepare_train complete! Combined training dataset shape: (14151, 51)
[STATUS] Step 2 Complete! Unified feature matrix shape: (14151, 51)
  [VERIFY] Cell 22 executed successfully.

[STATUS] Step 3/4: Training weighted LightGBM + CatBoost + Random Forest ensemble...
[MODEL] Feature Columns (45): ['dMD', 'dX', 'dY', 'dZ', 'incl', 'dogleg', 'gr', 'gr_diff', 'gr_roll_15', 'gr_std_15', 'gr_roll_31', 'gr_std_31', 'gr_roll_61', 'gr_std_61', 'dist_from_ps', 'tw_gr_at_plane', 'tw_gr_diff', 'tw_gr_offset_-50', 'tw_gr_diff_offset_-50', 'tw_gr_offset_-40', 'tw_gr_diff_offset_-40', 'tw_gr_offset_-30', 'tw_gr_diff_offset_-30', 'tw_gr_offset_-20', 'tw_gr_diff_offset_-20', 'tw_gr_offset_-10', 'tw_gr_diff_offset_-10', 'tw_gr_offset_-5', 'tw_gr_diff_offset_-5', 'tw_gr_offset_-2', 'tw_gr_diff_offset_-2', 'tw_gr_offset_2', 'tw_gr_diff_offset_2', 'tw_gr_offset_5', 'tw_gr_diff_offset_5', 'tw_gr_offset_10', 'tw_gr_diff_offset_10', 'tw_gr_offset_20', 'tw_gr_diff_offset_20', 'tw_gr_offset_30', 'tw_gr_diff_offset_30', 'tw_gr_offset_40', 'tw_gr_diff_offset_40', 'tw_gr_offset_50', 'tw_gr_diff_offset_50']

[FAIL] Cell 24 execution crashed!
Error: Cannot have number of splits n_splits=5 greater than the number of groups: 3.
