--- EXECUTING JUPYTER CELL SEQUENCE FOR VERIFICATION ---
  [VERIFY] Cell 2 executed successfully.
  [VERIFY] CFG Cell modified for rapid execution.
  [VERIFY] Boost rounds capped at 5.
  [VERIFY] Cell 4 executed successfully.
  [VERIFY] Cell 6 executed successfully.
  [VERIFY] Cell 8 executed successfully.
  [VERIFY] Cell 10 executed successfully.
  [VERIFY] Cell 12 executed successfully.
  [VERIFY] prepare_train well count capped at 3.
  [VERIFY] Cell 14 executed successfully.
  [VERIFY] Boost rounds capped at 5.
  [VERIFY] GroupKFold splits capped at 3.
  [VERIFY] Cell 16 executed successfully.
  [VERIFY] Cell 18 executed successfully.
============================================================
ROGII Wellbore Geology Prediction: SOTA Geosteering Kriging Pipeline
============================================================

[STATUS] Step 1/4: Precomputing spatial neighbor centroids and 3D surface points...
[KRIGING] Extracting 3D geological boundary points from training wells...
  [DEBUG] precompute: processed 1/773 wells (extracted 5 points so far)...
  [DEBUG] precompute: processed 150/773 wells (extracted 750 points so far)...
  [DEBUG] precompute: processed 300/773 wells (extracted 1500 points so far)...
  [DEBUG] precompute: processed 450/773 wells (extracted 2250 points so far)...
  [DEBUG] precompute: processed 600/773 wells (extracted 3000 points so far)...
  [DEBUG] precompute: processed 750/773 wells (extracted 3750 points so far)...
  [DEBUG] precompute: processed 773/773 wells (extracted 3865 points so far)...
  [DEBUG] precompute complete! Point cloud shape: (3865, 4), Centroids shape: (773, 3)
[STATUS] Step 1 Complete! Found 773 reference wells.
  [VERIFY] Cell 20 executed successfully.

[STATUS] Step 2/4: Extracting geological sequence features & localized Matern Kriging planes...
[DATA] Loading and precomputing 3 training wells...
  [DEBUG] prepare_train: Processing training well 1/3: 000d7d20...
  [DEBUG] prepare_train: Processing training well 3/3: 00e12e8b...
  [DEBUG] prepare_train complete! Combined training dataset shape: (14151, 51)
[STATUS] Step 2 Complete! Unified feature matrix shape: (14151, 51)
  [VERIFY] Cell 22 executed successfully.

[STATUS] Step 3/4: Training weighted LightGBM + CatBoost + Random Forest ensemble...
[MODEL] Feature Columns (45): ['dMD', 'dX', 'dY', 'dZ', 'incl', 'dogleg', 'gr', 'gr_diff', 'gr_roll_15', 'gr_std_15', 'gr_roll_31', 'gr_std_31', 'gr_roll_61', 'gr_std_61', 'dist_from_ps', 'tw_gr_at_plane', 'tw_gr_diff', 'tw_gr_offset_-50', 'tw_gr_diff_offset_-50', 'tw_gr_offset_-40', 'tw_gr_diff_offset_-40', 'tw_gr_offset_-30', 'tw_gr_diff_offset_-30', 'tw_gr_offset_-20', 'tw_gr_diff_offset_-20', 'tw_gr_offset_-10', 'tw_gr_diff_offset_-10', 'tw_gr_offset_-5', 'tw_gr_diff_offset_-5', 'tw_gr_offset_-2', 'tw_gr_diff_offset_-2', 'tw_gr_offset_2', 'tw_gr_diff_offset_2', 'tw_gr_offset_5', 'tw_gr_diff_offset_5', 'tw_gr_offset_10', 'tw_gr_diff_offset_10', 'tw_gr_offset_20', 'tw_gr_diff_offset_20', 'tw_gr_offset_30', 'tw_gr_diff_offset_30', 'tw_gr_offset_40', 'tw_gr_diff_offset_40', 'tw_gr_offset_50', 'tw_gr_diff_offset_50']
  Training Fold 1/5...
    [DEBUG] Fold 1: Train rows = 8137, Val rows = 6014
    [DEBUG] Fold 1 Complete! Residual OOF RMSE: 26.5811 ft
  Training Fold 2/5...
    [DEBUG] Fold 2: Train rows = 9850, Val rows = 4301
    [DEBUG] Fold 2 Complete! Residual OOF RMSE: 23.7615 ft
  Training Fold 3/5...
    [DEBUG] Fold 3: Train rows = 10315, Val rows = 3836
    [DEBUG] Fold 3 Complete! Residual OOF RMSE: 18.8301 ft

==================================================
MULTIPLE-STAGE OOF RMSE EVALUATION:
==================================================
Stage 1 (Regularized Dipping Plane) RMSE: 16.6905 ft
Stage 2 (Stage 1 + Ensemble Corrector) RMSE:  23.8327 ft
Stage 3 (Stage 2 + Savitzky-Golay Smooth) RMSE: 23.8319 ft
==================================================
[STATUS] Step 3 Complete! Models successfully trained and OOF CV evaluated.
  [VERIFY] Cell 24 executed successfully.

[STATUS] Step 4/4: Loading sample submission and inferring TVT residuals...
[INFERENCE] Generating test predictions for 3 wells...
  [DEBUG] predict_test: Running inference on test well 1/3: 000d7d20...
    [DEBUG] estimate_plane: Fitting local Kriging surface using neighbors: ['ff0aea78', '32fe84c9', 'f07d7037', '1b08ed48', 'eb934281', 'b7974e66']
      [DEBUG] build_features: pre-PS idx=1441, pred-zone rows=3836, features shape=(5278, 48)
  [DEBUG] predict_test: Running inference on test well 2/3: 00bbac68...
    [DEBUG] estimate_plane: Fitting local Kriging surface using neighbors: ['155887bb', 'ba48188d', 'c2c6fc71', 'edf885a3', 'ec13af42', '177622d7']
      [DEBUG] build_features: pre-PS idx=1544, pred-zone rows=6014, features shape=(7559, 48)
  [DEBUG] predict_test: Running inference on test well 3/3: 00e12e8b...
    [DEBUG] estimate_plane: Fitting local Kriging surface using neighbors: ['42669188', '8cc21f01', 'ee4aecac', '2ddad940', '1d3fbf02', 'f8662c22']
      [DEBUG] build_features: pre-PS idx=2082, pred-zone rows=4301, features shape=(6384, 48)
  [DEBUG] predict_test: Inference complete! Mapped 14151 prediction rows.

[STATUS] SOTA Submission file created at: C:\Users\vignesh.nehru\OneDrive - Mu Sigma Business Solutions Pvt. Ltd\Documents\ml\rogii\submission.csv
[STATUS] Total pipeline execution time: 0.84 min
  [VERIFY] Cell 26 executed successfully.

--- VERIFICATION COMPLETED WITH 100% SUCCESS ---
All notebook code cells are fully functional, syntactically correct, and print robust logs!
